1608511097766	geckodriver	INFO	Listening on 127.0.0.1:63975
1608511100771	mozrunner::runner	INFO	Running command: "C:\\Program Files\\Mozilla Firefox\\firefox.exe" "--marionette" "-foreground" "-no-remote" "-profile" "C:\\Users\\HP\\AppData\\Local\\Temp\\rust_mozprofilendfQif"
Can't find symbol 'eglSwapBuffersWithDamageEXT'.
Can't find symbol 'eglSetDamageRegionKHR'.
console.warn: SearchSettings: "get: No settings file exists, new profile?" (new Error("", "(unknown module)"))
1608511105248	Marionette	INFO	Listening on port 63984
1608511105670	Marionette	WARN	TLS certificate errors will be ignored for this session
1608511125888	Marionette	INFO	Stopped listening on port 63984

###!!! [Child][RunMessage] Error: Channel closing: too late to send/recv, messages will be lost

1608511142621	geckodriver	INFO	Listening on 127.0.0.1:64062
1608511145642	mozrunner::runner	INFO	Running command: "C:\\Program Files\\Mozilla Firefox\\firefox.exe" "--marionette" "-headless" "-foreground" "-no-remote" "-profile" "C:\\Users\\HP\\AppData\\Local\\Temp\\rust_mozprofile4UnBB0"
*** You are running in headless mode.
console.warn: SearchSettings: "get: No settings file exists, new profile?" (new Error("", "(unknown module)"))
1608511148584	Marionette	INFO	Listening on port 64070
1608511148855	Marionette	WARN	TLS certificate errors will be ignored for this session
1608511166781	Marionette	INFO	Stopped listening on port 64070
1608511463115	geckodriver	INFO	Listening on 127.0.0.1:51516
1608511466144	mozrunner::runner	INFO	Running command: "C:\\Program Files\\Mozilla Firefox\\firefox.exe" "--marionette" "-headless" "-foreground" "-no-remote" "-profile" "C:\\Users\\HP\\AppData\\Local\\Temp\\rust_mozprofileIudKqQ"
*** You are running in headless mode.
console.warn: SearchSettings: "get: No settings file exists, new profile?" (new Error("", "(unknown module)"))
1608511469464	Marionette	INFO	Listening on port 51524
1608511469892	Marionette	WARN	TLS certificate errors will be ignored for this session
1608511490951	Marionette	INFO	Stopped listening on port 51524

###!!! [Parent][RunMessage] Error: Channel closing: too late to send/recv, messages will be lost

1608511561113	geckodriver	INFO	Listening on 127.0.0.1:51599
1608511564138	mozrunner::runner	INFO	Running command: "C:\\Program Files\\Mozilla Firefox\\firefox.exe" "--marionette" "-headless" "-foreground" "-no-remote" "-profile" "C:\\Users\\HP\\AppData\\Local\\Temp\\rust_mozprofileNiqO9J"
*** You are running in headless mode.
console.warn: SearchSettings: "get: No settings file exists, new profile?" (new Error("", "(unknown module)"))
1608511567369	Marionette	INFO	Listening on port 51609
1608511567862	Marionette	WARN	TLS certificate errors will be ignored for this session
1608511586902	Marionette	INFO	Stopped listening on port 51609
1608511660010	geckodriver	INFO	Listening on 127.0.0.1:51682
1608511663051	mozrunner::runner	INFO	Running command: "C:\\Program Files\\Mozilla Firefox\\firefox.exe" "--marionette" "-headless" "window-size=1400,600" "-foreground" "-no-remote" "-profile" "C:\\Users\\HP\\AppData\\Local\\Temp\\rust_mozprofilev00lKV"
*** You are running in headless mode.
console.warn: SearchSettings: "get: No settings file exists, new profile?" (new Error("", "(unknown module)"))
1608511666357	Marionette	INFO	Listening on port 51691
1608511666766	Marionette	WARN	TLS certificate errors will be ignored for this session
1608511685336	Marionette	INFO	Stopped listening on port 51691
1608511718320	geckodriver	INFO	Listening on 127.0.0.1:51774
1608511721343	mozrunner::runner	INFO	Running command: "C:\\Program Files\\Mozilla Firefox\\firefox.exe" "--marionette" "-foreground" "-no-remote" "-profile" "C:\\Users\\HP\\AppData\\Local\\Temp\\rust_mozprofileqnHBkE"
Can't find symbol 'eglSwapBuffersWithDamageEXT'.
Can't find symbol 'eglSetDamageRegionKHR'.
console.warn: SearchSettings: "get: No settings file exists, new profile?" (new Error("", "(unknown module)"))
1608511725493	Marionette	INFO	Listening on port 51783
1608511725634	Marionette	WARN	TLS certificate errors will be ignored for this session
1608511744627	Marionette	INFO	Stopped listening on port 51783
1608511835482	geckodriver	INFO	Listening on 127.0.0.1:51859
1608511838513	mozrunner::runner	INFO	Running command: "C:\\Program Files\\Mozilla Firefox\\firefox.exe" "--marionette" "-headless" "-foreground" "-no-remote" "-profile" "C:\\Users\\HP\\AppData\\Local\\Temp\\rust_mozprofileXcx9jL"
*** You are running in headless mode.
console.warn: SearchSettings: "get: No settings file exists, new profile?" (new Error("", "(unknown module)"))
1608511841588	Marionette	INFO	Listening on port 51867
1608511841760	Marionette	WARN	TLS certificate errors will be ignored for this session
1608511867840	Marionette	INFO	Stopped listening on port 51867
1608511886551	geckodriver	INFO	Listening on 127.0.0.1:51936
1608511889603	mozrunner::runner	INFO	Running command: "C:\\Program Files\\Mozilla Firefox\\firefox.exe" "--marionette" "window-size=1400,600" "-foreground" "-no-remote" "-profile" "C:\\Users\\HP\\AppData\\Local\\Temp\\rust_mozprofileUn5K9f"
Can't find symbol 'eglSwapBuffersWithDamageEXT'.
Can't find symbol 'eglSetDamageRegionKHR'.
console.warn: SearchSettings: "get: No settings file exists, new profile?" (new Error("", "(unknown module)"))
JavaScript error: resource://gre/modules/SearchService.jsm, line 214: Error: Something tried to use the search service before it's been properly intialized. Please examine the stack trace to figure out what and where to fix it:
_ensureInitialized@resource://gre/modules/SearchService.jsm:214:15
_getEngineDefault@resource://gre/modules/SearchService.jsm:2033:10
get defaultEngine@resource://gre/modules/SearchService.jsm:2194:17
keywordToURI@resource://gre/modules/URIFixup.jsm:488:1
tryKeywordFixupForURIInfo@resource://gre/modules/URIFixup.jsm:722:41
keywordURIFixup@resource://gre/modules/URIFixup.jsm:927:12
getFixupURIInfo@resource://gre/modules/URIFixup.jsm:416:7
_getUrlMetaData@resource:///modules/UrlbarValueFormatter.jsm:155:35
_ensureFormattedHostVisible/<@resource:///modules/UrlbarValueFormatter.jsm:110:41

1608511897582	Marionette	INFO	Listening on port 51944
1608511897647	Marionette	WARN	TLS certificate errors will be ignored for this session
1608511916958	Marionette	INFO	Stopped listening on port 51944
1608511998048	geckodriver	INFO	Listening on 127.0.0.1:52026
1608512001088	mozrunner::runner	INFO	Running command: "C:\\Program Files\\Mozilla Firefox\\firefox.exe" "--marionette" "-headless" "window-size=1400,600" "-foreground" "-no-remote" "-profile" "C:\\Users\\HP\\AppData\\Local\\Temp\\rust_mozprofileUwCkrs"
*** You are running in headless mode.
console.warn: SearchSettings: "get: No settings file exists, new profile?" (new Error("", "(unknown module)"))
1608512003653	Marionette	INFO	Listening on port 52034
1608512003806	Marionette	WARN	TLS certificate errors will be ignored for this session
1608512023586	Marionette	INFO	Stopped listening on port 52034
1608512038834	geckodriver	INFO	Listening on 127.0.0.1:52102
1608512041884	mozrunner::runner	INFO	Running command: "C:\\Program Files\\Mozilla Firefox\\firefox.exe" "--marionette" "window-size=1400,600" "-foreground" "-no-remote" "-profile" "C:\\Users\\HP\\AppData\\Local\\Temp\\rust_mozprofileng2FTR"
Can't find symbol 'eglSwapBuffersWithDamageEXT'.
Can't find symbol 'eglSetDamageRegionKHR'.
console.warn: SearchSettings: "get: No settings file exists, new profile?" (new Error("", "(unknown module)"))
1608512045842	Marionette	INFO	Listening on port 52112
1608512046195	Marionette	WARN	TLS certificate errors will be ignored for this session
1608512069562	Marionette	INFO	Stopped listening on port 52112

###!!! [Child][RunMessage] Error: Channel closing: too late to send/recv, messages will be lost

1608512123068	geckodriver	INFO	Listening on 127.0.0.1:52190
1608512126111	mozrunner::runner	INFO	Running command: "C:\\Program Files\\Mozilla Firefox\\firefox.exe" "--marionette" "window-size=1400,600" "-foreground" "-no-remote" "-profile" "C:\\Users\\HP\\AppData\\Local\\Temp\\rust_mozprofileuLlcsy"
Can't find symbol 'eglSwapBuffersWithDamageEXT'.
Can't find symbol 'eglSetDamageRegionKHR'.
console.warn: SearchSettings: "get: No settings file exists, new profile?" (new Error("", "(unknown module)"))
1608512129734	Marionette	INFO	Listening on port 52198
1608512129857	Marionette	WARN	TLS certificate errors will be ignored for this session
1608512504109	Marionette	INFO	Stopped listening on port 52198

###!!! [Child][RunMessage] Error: Channel closing: too late to send/recv, messages will be lost

"--marionette" "-headless" "-foreground" "-no-remote" "-profile" "C:\\Users\\HP\\AppData\\Local\\Temp\\rust_mozprofilejScf0r"
*** You are running in headless mode.
console.warn: SearchSettings: "get: No settings file exists, new profile?" (new Error("", "(unknown module)"))
1608512189891	Marionette	INFO	Listening on port 52281
1608512190307	Marionette	WARN	TLS certificate errors will be ignored for this session
1608512226474	Marionette	INFO	Stopped listening on port 52281
1608512282235	geckodriver	INFO	Listening on 127.0.0.1:52358
1608512285262	mozrunner::runner	INFO	Running command: "C:\\Program Files\\Mozilla Firefox\\firefox.exe" "--marionette" "-headless" "-foreground" "-no-remote" "-profile" "C:\\Users\\HP\\AppData\\Local\\Temp\\rust_mozprofileXjbjBp"
*** You are running in headless mode.
console.warn: SearchSettings: "get: No settings file exists, new profile?" (new Error("", "(unknown module)"))
1608512288159	Marionette	INFO	Listening on port 52366
1608512288516	Marionette	WARN	TLS certificate errors will be ignored for this session
1608512309445	Marionette	INFO	Stopped listening on port 52366
1608512344549	geckodriver	INFO	Listening on 127.0.0.1:52439
1608512347583	mozrunner::runner	INFO	Running command: "C:\\Program Files\\Mozilla Firefox\\firefox.exe" "--marionette" "-headless" "-foreground" "-no-remote" "-profile" "C:\\Users\\HP\\AppData\\Local\\Temp\\rust_mozprofileu5ikJ0"
*** You are running in headless mode.
console.warn: SearchSettings: "get: No settings file exists, new profile?" (new Error("", "(unknown module)"))
1608512350577	Marionette	INFO	Listening on port 52448
1608512350844	Marionette	WARN	TLS certificate errors will be ignored for this session
1608512413903	Marionette	INFO	Stopped listening on port 52448
1608512533672	geckodriver	INFO	Listening on 127.0.0.1:52538
1608512536722	mozrunner::runner	INFO	Running command: "C:\\Program Files\\Mozilla Firefox\\firefox.exe" "--marionette" "-headless" "-foreground" "-no-remote" "-profile" "C:\\Users\\HP\\AppData\\Local\\Temp\\rust_mozprofileH49ep4"
*** You are running in headless mode.
console.warn: SearchSettings: "get: No settings file exists, new profile?" (new Error("", "(unknown module)"))
1608512540074	Marionette	INFO	Listening on port 52546
1608512540543	Marionette	WARN	TLS certificate errors will be ignored for this session
1608512571768	Marionette	WARN	TimedPromise timed out after 500 ms: stacktrace:
TimedPromise/<@chrome://marionette/content/sync.js:235:19
TimedPromise@chrome://marionette/content/sync.js:220:10
interaction.flushEventLoop@chrome://marionette/content/interaction.js:418:10
webdriverClickElement@chrome://marionette/content/interaction.js:179:31
1608512603551	Marionette	INFO	Stopped listening on port 52546
1608512636894	geckodriver	INFO	Listening on 127.0.0.1:52638
1608512639942	mozrunner::runner	INFO	Running command: "C:\\Program Files\\Mozilla Firefox\\firefox.exe" "--marionette" "-headless" "-foreground" "-no-remote" "-profile" "C:\\Users\\HP\\AppData\\Local\\Temp\\rust_mozprofileEdSQG5"
*** You are running in headless mode.
console.warn: SearchSettings: "get: No settings file exists, new profile?" (new Error("", "(unknown module)"))
1608512642698	Marionette	INFO	Listening on port 52647
1608512643195	Marionette	WARN	TLS certificate errors will be ignored for this session
1608512679155	Marionette	INFO	Stopped listening on port 52647
1608512768733	geckodriver	INFO	Listening on 127.0.0.1:52728
1608512771757	mozrunner::runner	INFO	Running command: "C:\\Program Files\\Mozilla Firefox\\firefox.exe" "--marionette" "-headless" "disable-blink-features=AutomationControlled" "user-agent=Type user agent here" "-foreground" "-no-remote" "-profile" "C:\\Users\\HP\\AppData\\Local\\Temp\\rust_mozprofileEtfib9"
*** You are running in headless mode.
console.warn: SearchSettings: "get: No settings file exists, new profile?" (new Error("", "(unknown module)"))
1608512774547	Marionette	INFO	Listening on port 52738
1608512774977	Marionette	WARN	TLS certificate errors will be ignored for this session
JavaScript error: resource://gre/modules/XULStore.jsm, line 66: Error: Can't find profile directory.
JavaScript error: resource://gre/modules/XULStore.jsm, line 66: Error: Can't find profile directory.
JavaScript error: resource://gre/modules/XULStore.jsm, line 66: Error: Can't find profile directory.
JavaScript error: resource://gre/modules/XULStore.jsm, line 66: Error: Can't find profile directory.
JavaScript error: resource://gre/modules/XULStore.jsm, line 66: Error: Can't find profile directory.
JavaScript error: https://www.instagram.com/static/bundles/es6/ConsumerUICommons.js/b97d39b303ac.js, line 2: Error: Minified exception occurred; use the non-minified dev environment for the full error message and additional helpful warnings.
JavaScript error: https://www.instagram.com/static/bundles/es6/ConsumerUICommons.js/b97d39b303ac.js, line 2: Error: Minified exception occurred; use the non-minified dev environment for the full error message and additional helpful warnings.
1608512834322	geckodriver	INFO	Listening on 127.0.0.1:52818
1608512837328	mozrunner::runner	INFO	Running command: "C:\\Program Files\\Mozilla Firefox\\firefox.exe" "--marionette" "-headless" "disable-blink-features=AutomationControlled" "user-agent=not_an_agent" "-foreground" "-no-remote" "-profile" "C:\\Users\\HP\\AppData\\Local\\Temp\\rust_mozprofileRpsuy0"
*** You are running in headless mode.
console.warn: SearchSettings: "get: No settings file exists, new profile?" (new Error("", "(unknown module)"))
1608512839816	Marionette	INFO	Listening on port 52827
1608512840022	Marionette	WARN	TLS certificate errors will be ignored for this session
JavaScript error: resource://gre/modules/XULStore.jsm, line 66: Error: Can't find profile directory.
JavaScript error: resource://gre/modules/XULStore.jsm, line 66: Error: Can't find profile directory.
JavaScript error: resource://gre/modules/XULStore.jsm, line 66: Error: Can't find profile directory.
JavaScript error: resource://gre/modules/XULStore.jsm, line 66: Error: Can't find profile directory.
JavaScript error: resource://gre/modules/XULStore.jsm, line 66: Error: Can't find profile directory.
JavaScript error: https://www.instagram.com/static/bundles/es6/ConsumerUICommons.js/b97d39b303ac.js, line 2: Error: Minified exception occurred; use the non-minified dev environment for the full error message and additional helpful warnings.
JavaScript error: https://www.instagram.com/static/bundles/es6/ConsumerUICommons.js/b97d39b303ac.js, line 2: Error: Minified exception occurred; use the non-minified dev environment for the full error message and additional helpful warnings.
1608512871079	geckodriver	INFO	Listening on 127.0.0.1:52900
1608512874141	mozrunner::runner	INFO	Running command: "C:\\Program Files\\Mozilla Firefox\\firefox.exe" "--marionette" "-headless" "-foreground" "-no-remote" "-profile" "C:\\Users\\HP\\AppData\\Local\\Temp\\rust_mozprofileJPbIwj"
*** You are running in headless mode.
console.warn: SearchSettings: "get: No settings file exists, new profile?" (new Error("", "(unknown module)"))
1608512876633	Marionette	INFO	Listening on port 52908
1608512876841	Marionette	WARN	TLS certificate errors will be ignored for this session
JavaScript error: https://www.instagram.com/static/bundles/es6/ConsumerUICommons.js/b97d39b303ac.js, line 2: Error: Minified exception occurred; use the non-minified dev environment for the full error message and additional helpful warnings.
JavaScript error: https://www.instagram.com/static/bundles/es6/ConsumerUICommons.js/b97d39b303ac.js, line 2: Error: Minified exception occurred; use the non-minified dev environment for the full error message and additional helpful warnings.
1608512890511	Marionette	INFO	Stopped listening on port 52908
1608512933589	geckodriver	INFO	Listening on 127.0.0.1:52994
1608512936650	mozrunner::runner	INFO	Running command: "C:\\Program Files\\Mozilla Firefox\\firefox.exe" "--marionette" "-headless" "-foreground" "-no-remote" "-profile" "C:\\Users\\HP\\AppData\\Local\\Temp\\rust_mozprofile5KaUfq"
*** You are running in headless mode.
console.warn: SearchSettings: "get: No settings file exists, new profile?" (new Error("", "(unknown module)"))
1608512939282	Marionette	INFO	Listening on port 53003
1608512939354	Marionette	WARN	TLS certificate errors will be ignored for this session
JavaScript error: https://www.instagram.com/static/bundles/es6/ConsumerUICommons.js/b97d39b303ac.js, line 2: Error: Minified exception occurred; use the non-minified dev environment for the full error message and additional helpful warnings.
JavaScript error: https://www.instagram.com/static/bundles/es6/ConsumerUICommons.js/b97d39b303ac.js, line 2: Error: Minified exception occurred; use the non-minified dev environment for the full error message and additional helpful warnings.
1608512949730	Marionette	INFO	Stopped listening on port 53003
[Child 19696, Chrome_ChildThread] WARNING: pipe error: 232: file /builds/worker/checkouts/gecko/ipc/chromium/src/chrome/common/ipc_channel_win.cc:545
[Child 19696, Chrome_ChildThread] WARNING: pipe error: 232: file /builds/worker/checkouts/gecko/ipc/chromium/src/chrome/common/ipc_channel_win.cc:545
1608512991788	geckodriver	INFO	Listening on 127.0.0.1:53074
1608512994833	mozrunner::runner	INFO	Running command: "C:\\Program Files\\Mozilla Firefox\\firefox.exe" "--marionette" "-headless" "-foreground" "-no-remote" "-profile" "C:\\Users\\HP\\AppData\\Local\\Temp\\rust_mozprofileFD1Ou3"
*** You are running in headless mode.
console.warn: SearchSettings: "get: No settings file exists, new profile?" (new Error("", "(unknown module)"))
1608512997304	Marionette	INFO	Listening on port 53082
1608512997537	Marionette	WARN	TLS certificate errors will be ignored for this session
JavaScript error: https://www.instagram.com/static/bundles/es6/ConsumerUICommons.js/b97d39b303ac.js, line 2: Error: Minified exception occurred; use the non-minified dev environment for the full error message and additional helpful warnings.
JavaScript error: https://www.instagram.com/static/bundles/es6/ConsumerUICommons.js/b97d39b303ac.js, line 2: Error: Minified exception occurred; use the non-minified dev environment for the full error message and additional helpful warnings.
1608513008415	Marionette	INFO	Stopped listening on port 53082
1608513048191	geckodriver	INFO	Listening on 127.0.0.1:53159
1608513051223	mozrunner::runner	INFO	Running command: "C:\\Program Files\\Mozilla Firefox\\firefox.exe" "--marionette" "-headless" "-foreground" "-no-remote" "-profile" "C:\\Users\\HP\\AppData\\Local\\Temp\\rust_mozprofile4IHOUc"
*** You are running in headless mode.
console.warn: SearchSettings: "get: No settings file exists, new profile?" (new Error("", "(unknown module)"))
1608513053703	Marionette	INFO	Listening on port 53173
1608513053927	Marionette	WARN	TLS certificate errors will be ignored for this session
1608513063327	Marionette	INFO	Stopped listening on port 53173
1608513077727	geckodriver	INFO	Listening on 127.0.0.1:61281
1608513080743	mozrunner::runner	INFO	Running command: "C:\\Program Files\\Mozilla Firefox\\firefox.exe" "--marionette" "-headless" "-foreground" "-no-remote" "-profile" "C:\\Users\\HP\\AppData\\Local\\Temp\\rust_mozprofileoax9sN"
*** You are running in headless mode.
console.warn: SearchSettings: "get: No settings file exists, new profile?" (new Error("", "(unknown module)"))
1608513083104	Marionette	INFO	Listening on port 61292
1608513083442	Marionette	WARN	TLS certificate errors will be ignored for this session
JavaScript error: https://www.instagram.com/static/bundles/es6/ConsumerUICommons.js/b97d39b303ac.js, line 2: Error: Minified exception occurred; use the non-minified dev environment for the full error message and additional helpful warnings.
JavaScript error: https://www.instagram.com/static/bundles/es6/ConsumerUICommons.js/b97d39b303ac.js, line 2: Error: Minified exception occurred; use the non-minified dev environment for the full error message and additional helpful warnings.
1608513094122	Marionette	INFO	Stopped listening on port 61292
1608513192850	geckodriver	INFO	Listening on 127.0.0.1:61381
1608513195875	mozrunner::runner	INFO	Running command: "C:\\Program Files\\Mozilla Firefox\\firefox.exe" "--marionette" "-headless" "-foreground" "-no-remote" "-profile" "C:\\Users\\HP\\AppData\\Local\\Temp\\rust_mozprofileYs5nAK"
*** You are running in headless mode.
console.warn: SearchSettings: "get: No settings file exists, new profile?" (new Error("", "(unknown module)"))
1608513197926	Marionette	INFO	Listening on port 61389
1608513198048	Marionette	WARN	TLS certificate errors will be ignored for this session
JavaScript error: https://www.instagram.com/static/bundles/es6/ConsumerUICommons.js/b97d39b303ac.js, line 2: Error: Minified exception occurred; use the non-minified dev environment for the full error message and additional helpful warnings.
JavaScript error: https://www.instagram.com/static/bundles/es6/ConsumerUICommons.js/b97d39b303ac.js, line 2: Error: Minified exception occurred; use the non-minified dev environment for the full error message and additional helpful warnings.
1608513207869	Marionette	INFO	Stopped listening on port 61389
1608517455369	geckodriver	INFO	Listening on 127.0.0.1:62076
1608517458423	mozrunner::runner	INFO	Running command: "C:\\Program Files\\Mozilla Firefox\\firefox.exe" "--marionette" "-headless" "-foreground" "-no-remote" "-profile" "C:\\Users\\HP\\AppData\\Local\\Temp\\rust_mozprofile2hdtLH"
*** You are running in headless mode.
console.warn: SearchSettings: "get: No settings file exists, new profile?" (new Error("", "(unknown module)"))
1608517464386	Marionette	INFO	Listening on port 62084
1608517464846	Marionette	WARN	TLS certificate errors will be ignored for this session
JavaScript error: https://www.instagram.com/static/bundles/es6/ConsumerUICommons.js/b97d39b303ac.js, line 2: Error: Minified exception occurred; use the non-minified dev environment for the full error message and additional helpful warnings.
JavaScript error: https://www.instagram.com/static/bundles/es6/ConsumerUICommons.js/b97d39b303ac.js, line 2: Error: Minified exception occurred; use the non-minified dev environment for the full error message and additional helpful warnings.
1608517477454	Marionette	INFO	Stopped listening on port 62084
1608555100652	geckodriver	INFO	Listening on 127.0.0.1:63139
1608555103766	mozrunner::runner	INFO	Running command: "C:\\Program Files\\Mozilla Firefox\\firefox.exe" "--marionette" "-headless" "-foreground" "-no-remote" "-profile" "C:\\Users\\HP\\AppData\\Local\\Temp\\rust_mozprofileMPhLgy"
*** You are running in headless mode.
console.warn: SearchSettings: "get: No settings file exists, new profile?" (new Error("", "(unknown module)"))
1608555107250	Marionette	INFO	Listening on port 63147
1608555107640	Marionette	WARN	TLS certificate errors will be ignored for this session
JavaScript error: https://www.instagram.com/static/bundles/es6/ConsumerUICommons.js/b97d39b303ac.js, line 2: Error: Minified exception occurred; use the non-minified dev environment for the full error message and additional helpful warnings.
JavaScript error: https://www.instagram.com/static/bundles/es6/ConsumerUICommons.js/b97d39b303ac.js, line 2: Error: Minified exception occurred; use the non-minified dev environment for the full error message and additional helpful warnings.
1608555122972	Marionette	INFO	Stopped listening on port 63147
1608555228268	geckodriver	INFO	Listening on 127.0.0.1:63219
1608555231336	mozrunner::runner	INFO	Running command: "C:\\Program Files\\Mozilla Firefox\\firefox.exe" "--marionette" "-headless" "-foreground" "-no-remote" "-profile" "C:\\Users\\HP\\AppData\\Local\\Temp\\rust_mozprofileqGmIvA"
*** You are running in headless mode.
console.warn: SearchSettings: "get: No settings file exists, new profile?" (new Error("", "(unknown module)"))
1608555234718	Marionette	INFO	Listening on port 63227
1608555235121	Marionette	WARN	TLS certificate errors will be ignored for this session
JavaScript error: https://www.instagram.com/static/bundles/es6/ConsumerUICommons.js/b97d39b303ac.js, line 2: Error: Minified exception occurred; use the non-minified dev environment for the full error message and additional helpful warnings.
JavaScript error: https://www.instagram.com/static/bundles/es6/ConsumerUICommons.js/b97d39b303ac.js, line 2: Error: Minified exception occurred; use the non-minified dev environment for the full error message and additional helpful warnings.
1608555249699	Marionette	INFO	Stopped listening on port 63227
will be ignored for this session
JavaScript error: https://www.instagram.com/static/bundles/es6/ConsumerUICommons.js/b97d39b303ac.js, line 2: Error: Minified exception occurred; use the non-minified dev environment for the full error message and additional helpful warnings.
JavaScript error: https://www.instagram.com/static/bundles/es6/ConsumerUICommons.js/b97d39b303ac.js, line 2: Error: Minified exception occurred; use the non-minified dev environment for the full error message and additional helpful warnings.
1608555256498	Marionette	INFO	Stopped listening on port 63284
1608556172157	geckodriver	INFO	Listening on 127.0.0.1:63583
1608556175208	mozrunner::runner	INFO	Running command: "C:\\Program Files\\Mozilla Firefox\\firefox.exe" "--marionette" "-foreground" "-no-remote" "-profile" "C:\\Users\\HP\\AppData\\Local\\Temp\\rust_mozprofilevSrE0z"
Can't find symbol 'eglSwapBuffersWithDamageEXT'.
Can't find symbol 'eglSetDamageRegionKHR'.
console.warn: SearchSettings: "get: No settings file exists, new profile?" (new Error("", "(unknown module)"))
1608556180895	Marionette	INFO	Listening on port 63591
1608556181122	Marionette	WARN	TLS certificate errors will be ignored for this session
JavaScript error: https://www.instagram.com/static/bundles/es6/ConsumerUICommons.js/b97d39b303ac.js, line 2: Error: Minified exception occurred; use the non-minified dev environment for the full error message and additional helpful warnings.
JavaScript error: https://www.instagram.com/static/bundles/es6/ConsumerUICommons.js/b97d39b303ac.js, line 2: Error: Minified exception occurred; use the non-minified dev environment for the full error message and additional helpful warnings.
1608556633786	Marionette	INFO	Stopped listening on port 63591

###!!! [Child][RunMessage] Error: Channel closing: too late to send/recv, messages will be lost

"--marionette" "-foreground" "-no-remote" "-profile" "C:\\Users\\HP\\AppData\\Local\\Temp\\rust_mozprofilecOiWn3"
Can't find symbol 'eglSwapBuffersWithDamageEXT'.
Can't find symbol 'eglSetDamageRegionKHR'.
console.warn: SearchSettings: "get: No settings file exists, new profile?" (new Error("", "(unknown module)"))
1608556295287	Marionette	INFO	Listening on port 63676
1608556295687	Marionette	WARN	TLS certificate errors will be ignored for this session
JavaScript error: https://www.instagram.com/static/bundles/es6/ConsumerUICommons.js/b97d39b303ac.js, line 2: Error: Minified exception occurred; use the non-minified dev environment for the full error message and additional helpful warnings.
JavaScript error: https://www.instagram.com/static/bundles/es6/ConsumerUICommons.js/b97d39b303ac.js, line 2: Error: Minified exception occurred; use the non-minified dev environment for the full error message and additional helpful warnings.
1608556311399	Marionette	INFO	Stopped listening on port 63676

###!!! [Child][RunMessage] Error: Channel closing: too late to send/recv, messages will be lost

1608556586172	geckodriver	INFO	Listening on 127.0.0.1:63755
1608556589193	mozrunner::runner	INFO	Running command: "C:\\Program Files\\Mozilla Firefox\\firefox.exe" "--marionette" "-foreground" "-no-remote" "-profile" "C:\\Users\\HP\\AppData\\Local\\Temp\\rust_mozprofileSKvxHv"
Can't find symbol 'eglSwapBuffersWithDamageEXT'.
Can't find symbol 'eglSetDamageRegionKHR'.
console.warn: SearchSettings: "get: No settings file exists, new profile?" (new Error("", "(unknown module)"))
1608556593083	Marionette	INFO	Listening on port 63763
1608556593417	Marionette	WARN	TLS certificate errors will be ignored for this session
1608556601010	Marionette	INFO	Stopped listening on port 63763

###!!! [Child][RunMessage] Error: Channel closing: too late to send/recv, messages will be lost

1608608500111	geckodriver	INFO	Listening on 127.0.0.1:55010
1608608503063	mozrunner::runner	INFO	Running command: "C:\\Program Files\\Mozilla Firefox\\firefox.exe" "--marionette" "-headless" "-foreground" "-no-remote" "-profile" "C:\\Users\\HP\\AppData\\Local\\Temp\\rust_mozprofileckR31b"
*** You are running in headless mode.
console.warn: SearchSettings: "get: No settings file exists, new profile?" (new Error("", "(unknown module)"))
1608608505825	Marionette	INFO	Listening on port 55018
1608608506274	Marionette	WARN	TLS certificate errors will be ignored for this session
1608608553778	Marionette	INFO	Stopped listening on port 55018
1608608676329	geckodriver	INFO	Listening on 127.0.0.1:55087
1608608679378	mozrunner::runner	INFO	Running command: "C:\\Program Files\\Mozilla Firefox\\firefox.exe" "--marionette" "-headless" "-foreground" "-no-remote" "-profile" "C:\\Users\\HP\\AppData\\Local\\Temp\\rust_mozprofile8QzM2r"
*** You are running in headless mode.
console.warn: SearchSettings: "get: No settings file exists, new profile?" (new Error("", "(unknown module)"))
1608608681431	Marionette	INFO	Listening on port 55095
1608608681473	Marionette	WARN	TLS certificate errors will be ignored for this session
1608608712788	Marionette	INFO	Stopped listening on port 55095
1608609966541	geckodriver	INFO	Listening on 127.0.0.1:55509
1608609969457	mozrunner::runner	INFO	Running command: "C:\\Program Files\\Mozilla Firefox\\firefox.exe" "--marionette" "-headless" "-foreground" "-no-remote" "-profile" "C:\\Users\\HP\\AppData\\Local\\Temp\\rust_mozprofilevg0air"
*** You are running in headless mode.
console.warn: SearchSettings: "get: No settings file exists, new profile?" (new Error("", "(unknown module)"))
1608609971715	Marionette	INFO	Listening on port 55517
1608609972138	Marionette	WARN	TLS certificate errors will be ignored for this session
1608609979028	Marionette	INFO	Stopped listening on port 55517
